2026-03-27 21:40:15,313 - INFO - Checking availability at https://ticket.toureiffel.paris/en
2026-03-27 21:40:15,717 - INFO - Results: {'2026-05-15': 'available', '2026-05-16': 'available', '2026-05-17': 'available', '2026-05-18': 'available', '2026-05-19': 'available'}
2026-03-27 21:40:26,616 - INFO - Telegram alert sent successfully
2026-03-27 21:40:26,619 - INFO - Alert sent for dates: ['2026-05-15', '2026-05-16', '2026-05-17', '2026-05-18', '2026-05-19']
2026-03-27 21:42:08,976 - INFO - Checking availability via Playwright...
2026-03-27 21:42:15,383 - INFO - Highlighted (last available): []
2026-03-27 21:42:15,383 - INFO - Disabled (sold out): []
2026-03-27 21:42:15,383 - INFO - Status: {'2026-05-15': 'available', '2026-05-16': 'available', '2026-05-17': 'available', '2026-05-18': 'available', '2026-05-19': 'available'}
2026-03-27 21:42:15,383 - INFO - Already alerted
2026-03-27 21:48:37,499 - INFO - Checking availability via Playwright...
2026-03-27 21:48:48,294 - INFO - Parsed dates: 36
2026-03-27 21:48:48,294 - INFO - Status: {'2026-05-15': 'unknown', '2026-05-16': 'unknown', '2026-05-17': 'unknown', '2026-05-18': 'unknown', '2026-05-19': 'unknown'}
2026-03-27 21:48:48,294 - INFO - No availability for target dates
2026-03-27 21:50:35,760 - INFO - Checking availability via Playwright...
2026-03-27 21:50:55,849 - INFO - Parsed dates: 36
2026-03-27 21:50:55,849 - INFO - Status: {'2026-05-15': 'unknown', '2026-05-16': 'unknown', '2026-05-17': 'unknown', '2026-05-18': 'unknown', '2026-05-19': 'unknown'}
2026-03-27 21:50:55,849 - INFO - No availability for target dates
2026-03-27 21:52:59,164 - INFO - Checking availability via Playwright...
2026-03-27 21:53:25,899 - INFO - Reached May after 8 clicks
2026-03-27 21:53:27,963 - INFO - Parsed dates: 42
2026-03-27 21:53:27,964 - INFO - Status: {'2026-05-15': 'available', '2026-05-16': 'available', '2026-05-17': 'available', '2026-05-18': 'available', '2026-05-19': 'available'}
2026-03-27 21:53:27,964 - INFO - Already alerted
2026-03-27 21:53:32,741 - INFO - Checking availability via Playwright...
2026-03-27 21:53:47,710 - INFO - Reached May after 4 clicks
2026-03-27 21:53:49,745 - INFO - Parsed dates: 42
2026-03-27 21:53:49,745 - INFO - Status: {'2026-05-15': 'available', '2026-05-16': 'available', '2026-05-17': 'available', '2026-05-18': 'available', '2026-05-19': 'available'}
2026-03-27 21:53:50,831 - INFO - Telegram alert sent
2026-03-27 21:53:50,834 - INFO - Alerted: ['2026-05-15', '2026-05-16', '2026-05-17', '2026-05-18', '2026-05-19']
2026-03-28 09:54:04,901 - INFO - Checking real availability via Playwright...
2026-03-28 09:54:19,987 - INFO - Checking 2026-05-15...
2026-03-28 09:54:22,008 - INFO -   2026-05-15: SOLD OUT
2026-03-28 09:54:22,008 - INFO - Checking 2026-05-16...
2026-03-28 09:54:24,027 - INFO -   2026-05-16: SOLD OUT
2026-03-28 09:54:24,027 - INFO - Checking 2026-05-17...
2026-03-28 09:54:26,045 - INFO -   2026-05-17: SOLD OUT
2026-03-28 09:54:26,045 - INFO - Checking 2026-05-18...
2026-03-28 09:54:28,059 - INFO -   2026-05-18: SOLD OUT
2026-03-28 09:54:28,059 - INFO - Checking 2026-05-19...
2026-03-28 09:54:30,072 - INFO -   2026-05-19: SOLD OUT
2026-03-28 09:54:30,111 - INFO - Final status: {'2026-05-15': 'sold_out', '2026-05-16': 'sold_out', '2026-05-17': 'sold_out', '2026-05-18': 'sold_out', '2026-05-19': 'sold_out'}
2026-03-28 09:54:30,111 - INFO - No availability for target dates
